19-Nov-2021 12:49:55.247 정보 [main] org.apache.catalina.startup.VersionLoggerListener.log 서버 버전 이름:    Apache Tomcat/10.0.13
19-Nov-2021 12:49:55.332 정보 [main] org.apache.catalina.startup.VersionLoggerListener.log Server 빌드 시각:  Nov 9 2021 22:12:58 UTC
19-Nov-2021 12:49:55.334 정보 [main] org.apache.catalina.startup.VersionLoggerListener.log Server 버전 번호:  10.0.13.0
19-Nov-2021 12:49:55.336 정보 [main] org.apache.catalina.startup.VersionLoggerListener.log 운영체제 이름:     Windows 10
19-Nov-2021 12:49:55.338 정보 [main] org.apache.catalina.startup.VersionLoggerListener.log 운영체제 버전:     10.0
19-Nov-2021 12:49:55.338 정보 [main] org.apache.catalina.startup.VersionLoggerListener.log 아키텍처:          amd64
19-Nov-2021 12:49:55.339 정보 [main] org.apache.catalina.startup.VersionLoggerListener.log 자바 홈:           C:\Program Files\Java\jdk1.8.0_301\jre
19-Nov-2021 12:49:55.341 정보 [main] org.apache.catalina.startup.VersionLoggerListener.log JVM 버전:          1.8.0_301-b09
19-Nov-2021 12:49:55.342 정보 [main] org.apache.catalina.startup.VersionLoggerListener.log JVM 벤더:          Oracle Corporation
19-Nov-2021 12:49:55.343 정보 [main] org.apache.catalina.startup.VersionLoggerListener.log CATALINA_BASE:     E:\230\SW\apache-tomcat-10.0.13
19-Nov-2021 12:49:55.343 정보 [main] org.apache.catalina.startup.VersionLoggerListener.log CATALINA_HOME:     E:\230\SW\apache-tomcat-10.0.13
19-Nov-2021 12:49:55.391 정보 [main] org.apache.catalina.startup.VersionLoggerListener.log 명령 행 아규먼트:  -Djava.util.logging.config.file=E:\230\SW\apache-tomcat-10.0.13\conf\logging.properties
19-Nov-2021 12:49:55.403 정보 [main] org.apache.catalina.startup.VersionLoggerListener.log 명령 행 아규먼트:  -Djava.util.logging.manager=org.apache.juli.ClassLoaderLogManager
19-Nov-2021 12:49:55.407 정보 [main] org.apache.catalina.startup.VersionLoggerListener.log 명령 행 아규먼트:  -Djdk.tls.ephemeralDHKeySize=2048
19-Nov-2021 12:49:55.410 정보 [main] org.apache.catalina.startup.VersionLoggerListener.log 명령 행 아규먼트:  -Djava.protocol.handler.pkgs=org.apache.catalina.webresources
19-Nov-2021 12:49:55.420 정보 [main] org.apache.catalina.startup.VersionLoggerListener.log 명령 행 아규먼트:  -Dignore.endorsed.dirs=
19-Nov-2021 12:49:55.421 정보 [main] org.apache.catalina.startup.VersionLoggerListener.log 명령 행 아규먼트:  -Dcatalina.base=E:\230\SW\apache-tomcat-10.0.13
19-Nov-2021 12:49:55.432 정보 [main] org.apache.catalina.startup.VersionLoggerListener.log 명령 행 아규먼트:  -Dcatalina.home=E:\230\SW\apache-tomcat-10.0.13
19-Nov-2021 12:49:55.433 정보 [main] org.apache.catalina.startup.VersionLoggerListener.log 명령 행 아규먼트:  -Djava.io.tmpdir=E:\230\SW\apache-tomcat-10.0.13\temp
19-Nov-2021 12:49:55.446 정보 [main] org.apache.catalina.core.AprLifecycleListener.lifecycleEvent 프로덕션 환경들에서 최적의 성능을 제공하는, APR 기반 Apache Tomcat Native 라이브러리가, 다음 java.library.path에서 발견되지 않습니다: [C:\Program Files\Java\jdk1.8.0_301\bin;C:\WINDOWS\Sun\Java\bin;C:\WINDOWS\system32;C:\WINDOWS;C:\oraclexe\app\oracle\product\11.2.0\server\bin;;C:\Program Files\Java\jdk1.8.0_301\bin;C:\Program Files (x86)\Common Files\Oracle\Java\javapath;C:\WINDOWS\system32;C:\WINDOWS;C:\WINDOWS\System32\Wbem;C:\WINDOWS\System32\WindowsPowerShell\v1.0\;C:\WINDOWS\System32\OpenSSH\;C:\Program Files\Bandizip\;C:\Users\KOSTA\AppData\Local\Microsoft\WindowsApps;;C:\Users\KOSTA\AppData\Local\Programs\Microsoft VS Code\bin;.]
19-Nov-2021 12:49:57.473 정보 [main] org.apache.coyote.AbstractProtocol.init 프로토콜 핸들러 ["http-nio-8080"]을(를) 초기화합니다.
19-Nov-2021 12:49:57.757 심각 [main] org.apache.catalina.util.LifecycleBase.handleSubClassException 구성요소 [Connector[HTTP/1.1-8080]]을(를) 초기화하지 못했습니다.
	org.apache.catalina.LifecycleException: 프로토콜 핸들러 초기화가 실패했습니다.
		at org.apache.catalina.connector.Connector.initInternal(Connector.java:1055)
		at org.apache.catalina.util.LifecycleBase.init(LifecycleBase.java:136)
		at org.apache.catalina.core.StandardService.initInternal(StandardService.java:556)
		at org.apache.catalina.util.LifecycleBase.init(LifecycleBase.java:136)
		at org.apache.catalina.core.StandardServer.initInternal(StandardServer.java:1042)
		at org.apache.catalina.util.LifecycleBase.init(LifecycleBase.java:136)
		at org.apache.catalina.startup.Catalina.load(Catalina.java:747)
		at org.apache.catalina.startup.Catalina.load(Catalina.java:769)
		at sun.reflect.NativeMethodAccessorImpl.invoke0(Native Method)
		at sun.reflect.NativeMethodAccessorImpl.invoke(NativeMethodAccessorImpl.java:62)
		at sun.reflect.DelegatingMethodAccessorImpl.invoke(DelegatingMethodAccessorImpl.java:43)
		at java.lang.reflect.Method.invoke(Method.java:498)
		at org.apache.catalina.startup.Bootstrap.load(Bootstrap.java:305)
		at org.apache.catalina.startup.Bootstrap.main(Bootstrap.java:475)
	Caused by: java.net.BindException: Address already in use: bind
		at sun.nio.ch.Net.bind0(Native Method)
		at sun.nio.ch.Net.bind(Net.java:438)
		at sun.nio.ch.Net.bind(Net.java:430)
		at sun.nio.ch.ServerSocketChannelImpl.bind(ServerSocketChannelImpl.java:225)
		at org.apache.tomcat.util.net.NioEndpoint.initServerSocket(NioEndpoint.java:242)
		at org.apache.tomcat.util.net.NioEndpoint.bind(NioEndpoint.java:197)
		at org.apache.tomcat.util.net.AbstractEndpoint.bindWithCleanup(AbstractEndpoint.java:1184)
		at org.apache.tomcat.util.net.AbstractEndpoint.init(AbstractEndpoint.java:1197)
		at org.apache.coyote.AbstractProtocol.init(AbstractProtocol.java:580)
		at org.apache.coyote.http11.AbstractHttp11Protocol.init(AbstractHttp11Protocol.java:82)
		at org.apache.catalina.connector.Connector.initInternal(Connector.java:1052)
		... 13 more
19-Nov-2021 12:49:57.836 정보 [main] org.apache.catalina.startup.Catalina.load [3624] 밀리초 내에 서버가 초기화되었습니다.
19-Nov-2021 12:49:58.088 정보 [main] org.apache.catalina.core.StandardService.startInternal 서비스 [Catalina]을(를) 시작합니다.
19-Nov-2021 12:49:58.095 정보 [main] org.apache.catalina.core.StandardEngine.startInternal 서버 엔진을 시작합니다: [Apache Tomcat/10.0.13]
19-Nov-2021 12:49:58.181 정보 [main] org.apache.catalina.startup.HostConfig.deployDirectory 웹 애플리케이션 디렉토리 [E:\230\SW\apache-tomcat-10.0.13\webapps\ROOT]을(를) 배치합니다.
19-Nov-2021 12:49:59.084 경고 [main] org.apache.catalina.util.SessionIdGeneratorBase.createSecureRandom [SHA1PRNG] 알고리즘을 사용하여, 세션 ID를 생성하기 위한 SecureRandom 객체를 생성하는데, [326] 밀리초가 소요됐습니다.
19-Nov-2021 12:49:59.124 정보 [main] org.apache.catalina.startup.HostConfig.deployDirectory 웹 애플리케이션 디렉토리 [E:\230\SW\apache-tomcat-10.0.13\webapps\ROOT]에 대한 배치가 [943] 밀리초에 완료되었습니다.
19-Nov-2021 12:49:59.132 정보 [main] org.apache.catalina.startup.HostConfig.deployDirectory 웹 애플리케이션 디렉토리 [E:\230\SW\apache-tomcat-10.0.13\webapps\docs]을(를) 배치합니다.
19-Nov-2021 12:49:59.197 정보 [main] org.apache.catalina.startup.HostConfig.deployDirectory 웹 애플리케이션 디렉토리 [E:\230\SW\apache-tomcat-10.0.13\webapps\docs]에 대한 배치가 [65] 밀리초에 완료되었습니다.
19-Nov-2021 12:49:59.204 정보 [main] org.apache.catalina.startup.HostConfig.deployDirectory 웹 애플리케이션 디렉토리 [E:\230\SW\apache-tomcat-10.0.13\webapps\examples]을(를) 배치합니다.
19-Nov-2021 12:49:59.717 정보 [main] org.apache.catalina.startup.HostConfig.deployDirectory 웹 애플리케이션 디렉토리 [E:\230\SW\apache-tomcat-10.0.13\webapps\examples]에 대한 배치가 [514] 밀리초에 완료되었습니다.
19-Nov-2021 12:49:59.723 정보 [main] org.apache.catalina.startup.HostConfig.deployDirectory 웹 애플리케이션 디렉토리 [E:\230\SW\apache-tomcat-10.0.13\webapps\host-manager]을(를) 배치합니다.
19-Nov-2021 12:49:59.831 정보 [main] org.apache.catalina.startup.HostConfig.deployDirectory 웹 애플리케이션 디렉토리 [E:\230\SW\apache-tomcat-10.0.13\webapps\host-manager]에 대한 배치가 [108] 밀리초에 완료되었습니다.
19-Nov-2021 12:49:59.833 정보 [main] org.apache.catalina.startup.HostConfig.deployDirectory 웹 애플리케이션 디렉토리 [E:\230\SW\apache-tomcat-10.0.13\webapps\manager]을(를) 배치합니다.
19-Nov-2021 12:49:59.894 정보 [main] org.apache.catalina.startup.HostConfig.deployDirectory 웹 애플리케이션 디렉토리 [E:\230\SW\apache-tomcat-10.0.13\webapps\manager]에 대한 배치가 [60] 밀리초에 완료되었습니다.
19-Nov-2021 12:49:59.916 정보 [main] org.apache.catalina.startup.Catalina.start 서버가 [2075] 밀리초 내에 시작되었습니다.
19-Nov-2021 12:54:36.698 정보 [main] org.apache.catalina.core.StandardServer.await 셧다운 포트를 통해 유효한 셧다운 명령을 받았습니다. 서버 인스턴스를 중지시킵니다.
19-Nov-2021 12:54:36.751 정보 [main] org.apache.coyote.AbstractProtocol.pause 프로토콜 핸들러 ["http-nio-8080"]을(를) 일시 정지 중
19-Nov-2021 12:54:36.768 정보 [main] org.apache.catalina.core.StandardService.stopInternal 서비스 [Catalina]을(를) 중지시킵니다.
19-Nov-2021 12:54:36.939 정보 [main] org.apache.coyote.AbstractProtocol.stop 프로토콜 핸들러 ["http-nio-8080"]을(를) 중지시킵니다.
19-Nov-2021 12:54:36.959 정보 [main] org.apache.coyote.AbstractProtocol.destroy 프로토콜 핸들러 ["http-nio-8080"]을(를) 소멸시킵니다.
19-Nov-2021 14:30:52.249 정보 [main] org.apache.catalina.startup.VersionLoggerListener.log 서버 버전 이름:    Apache Tomcat/10.0.13
19-Nov-2021 14:30:52.254 정보 [main] org.apache.catalina.startup.VersionLoggerListener.log Server 빌드 시각:  Nov 9 2021 22:12:58 UTC
19-Nov-2021 14:30:52.254 정보 [main] org.apache.catalina.startup.VersionLoggerListener.log Server 버전 번호:  10.0.13.0
19-Nov-2021 14:30:52.255 정보 [main] org.apache.catalina.startup.VersionLoggerListener.log 운영체제 이름:     Windows 10
19-Nov-2021 14:30:52.255 정보 [main] org.apache.catalina.startup.VersionLoggerListener.log 운영체제 버전:     10.0
19-Nov-2021 14:30:52.256 정보 [main] org.apache.catalina.startup.VersionLoggerListener.log 아키텍처:          amd64
19-Nov-2021 14:30:52.256 정보 [main] org.apache.catalina.startup.VersionLoggerListener.log 자바 홈:           C:\Program Files\Java\jdk1.8.0_301\jre
19-Nov-2021 14:30:52.256 정보 [main] org.apache.catalina.startup.VersionLoggerListener.log JVM 버전:          1.8.0_301-b09
19-Nov-2021 14:30:52.257 정보 [main] org.apache.catalina.startup.VersionLoggerListener.log JVM 벤더:          Oracle Corporation
19-Nov-2021 14:30:52.257 정보 [main] org.apache.catalina.startup.VersionLoggerListener.log CATALINA_BASE:     E:\230\SW\apache-tomcat-10.0.13
19-Nov-2021 14:30:52.257 정보 [main] org.apache.catalina.startup.VersionLoggerListener.log CATALINA_HOME:     E:\230\SW\apache-tomcat-10.0.13
19-Nov-2021 14:30:52.259 정보 [main] org.apache.catalina.startup.VersionLoggerListener.log 명령 행 아규먼트:  -Djava.util.logging.config.file=E:\230\SW\apache-tomcat-10.0.13\conf\logging.properties
19-Nov-2021 14:30:52.260 정보 [main] org.apache.catalina.startup.VersionLoggerListener.log 명령 행 아규먼트:  -Djava.util.logging.manager=org.apache.juli.ClassLoaderLogManager
19-Nov-2021 14:30:52.261 정보 [main] org.apache.catalina.startup.VersionLoggerListener.log 명령 행 아규먼트:  -Djdk.tls.ephemeralDHKeySize=2048
19-Nov-2021 14:30:52.262 정보 [main] org.apache.catalina.startup.VersionLoggerListener.log 명령 행 아규먼트:  -Djava.protocol.handler.pkgs=org.apache.catalina.webresources
19-Nov-2021 14:30:52.264 정보 [main] org.apache.catalina.startup.VersionLoggerListener.log 명령 행 아규먼트:  -Dignore.endorsed.dirs=
19-Nov-2021 14:30:52.265 정보 [main] org.apache.catalina.startup.VersionLoggerListener.log 명령 행 아규먼트:  -Dcatalina.base=E:\230\SW\apache-tomcat-10.0.13
19-Nov-2021 14:30:52.271 정보 [main] org.apache.catalina.startup.VersionLoggerListener.log 명령 행 아규먼트:  -Dcatalina.home=E:\230\SW\apache-tomcat-10.0.13
19-Nov-2021 14:30:52.273 정보 [main] org.apache.catalina.startup.VersionLoggerListener.log 명령 행 아규먼트:  -Djava.io.tmpdir=E:\230\SW\apache-tomcat-10.0.13\temp
19-Nov-2021 14:30:52.281 정보 [main] org.apache.catalina.core.AprLifecycleListener.lifecycleEvent 프로덕션 환경들에서 최적의 성능을 제공하는, APR 기반 Apache Tomcat Native 라이브러리가, 다음 java.library.path에서 발견되지 않습니다: [C:\Program Files\Java\jdk1.8.0_301\bin;C:\WINDOWS\Sun\Java\bin;C:\WINDOWS\system32;C:\WINDOWS;C:\oraclexe\app\oracle\product\11.2.0\server\bin;;C:\Program Files\Java\jdk1.8.0_301\bin;C:\Program Files (x86)\Common Files\Oracle\Java\javapath;C:\WINDOWS\system32;C:\WINDOWS;C:\WINDOWS\System32\Wbem;C:\WINDOWS\System32\WindowsPowerShell\v1.0\;C:\WINDOWS\System32\OpenSSH\;C:\Program Files\Bandizip\;C:\Users\KOSTA\AppData\Local\Microsoft\WindowsApps;;C:\Users\KOSTA\AppData\Local\Programs\Microsoft VS Code\bin;.]
19-Nov-2021 14:30:53.004 정보 [main] org.apache.coyote.AbstractProtocol.init 프로토콜 핸들러 ["http-nio-8888"]을(를) 초기화합니다.
19-Nov-2021 14:30:53.042 정보 [main] org.apache.catalina.startup.Catalina.load [1076] 밀리초 내에 서버가 초기화되었습니다.
19-Nov-2021 14:30:53.179 정보 [main] org.apache.catalina.core.StandardService.startInternal 서비스 [Catalina]을(를) 시작합니다.
19-Nov-2021 14:30:53.184 정보 [main] org.apache.catalina.core.StandardEngine.startInternal 서버 엔진을 시작합니다: [Apache Tomcat/10.0.13]
19-Nov-2021 14:30:53.201 정보 [main] org.apache.catalina.startup.HostConfig.deployDirectory 웹 애플리케이션 디렉토리 [E:\230\SW\apache-tomcat-10.0.13\webapps\ROOT]을(를) 배치합니다.
19-Nov-2021 14:30:53.766 경고 [main] org.apache.catalina.util.SessionIdGeneratorBase.createSecureRandom [SHA1PRNG] 알고리즘을 사용하여, 세션 ID를 생성하기 위한 SecureRandom 객체를 생성하는데, [206] 밀리초가 소요됐습니다.
19-Nov-2021 14:30:53.812 정보 [main] org.apache.catalina.startup.HostConfig.deployDirectory 웹 애플리케이션 디렉토리 [E:\230\SW\apache-tomcat-10.0.13\webapps\ROOT]에 대한 배치가 [610] 밀리초에 완료되었습니다.
19-Nov-2021 14:30:53.820 정보 [main] org.apache.catalina.startup.HostConfig.deployDirectory 웹 애플리케이션 디렉토리 [E:\230\SW\apache-tomcat-10.0.13\webapps\docs]을(를) 배치합니다.
19-Nov-2021 14:30:53.869 정보 [main] org.apache.catalina.startup.HostConfig.deployDirectory 웹 애플리케이션 디렉토리 [E:\230\SW\apache-tomcat-10.0.13\webapps\docs]에 대한 배치가 [48] 밀리초에 완료되었습니다.
19-Nov-2021 14:30:53.876 정보 [main] org.apache.catalina.startup.HostConfig.deployDirectory 웹 애플리케이션 디렉토리 [E:\230\SW\apache-tomcat-10.0.13\webapps\examples]을(를) 배치합니다.
19-Nov-2021 14:30:54.600 정보 [main] org.apache.catalina.startup.HostConfig.deployDirectory 웹 애플리케이션 디렉토리 [E:\230\SW\apache-tomcat-10.0.13\webapps\examples]에 대한 배치가 [725] 밀리초에 완료되었습니다.
19-Nov-2021 14:30:54.607 정보 [main] org.apache.catalina.startup.HostConfig.deployDirectory 웹 애플리케이션 디렉토리 [E:\230\SW\apache-tomcat-10.0.13\webapps\host-manager]을(를) 배치합니다.
19-Nov-2021 14:30:54.708 정보 [main] org.apache.catalina.startup.HostConfig.deployDirectory 웹 애플리케이션 디렉토리 [E:\230\SW\apache-tomcat-10.0.13\webapps\host-manager]에 대한 배치가 [101] 밀리초에 완료되었습니다.
19-Nov-2021 14:30:54.714 정보 [main] org.apache.catalina.startup.HostConfig.deployDirectory 웹 애플리케이션 디렉토리 [E:\230\SW\apache-tomcat-10.0.13\webapps\manager]을(를) 배치합니다.
19-Nov-2021 14:30:54.752 정보 [main] org.apache.catalina.startup.HostConfig.deployDirectory 웹 애플리케이션 디렉토리 [E:\230\SW\apache-tomcat-10.0.13\webapps\manager]에 대한 배치가 [38] 밀리초에 완료되었습니다.
19-Nov-2021 14:30:54.779 정보 [main] org.apache.coyote.AbstractProtocol.start 프로토콜 핸들러 ["http-nio-8888"]을(를) 시작합니다.
19-Nov-2021 14:30:54.799 정보 [main] org.apache.catalina.startup.Catalina.start 서버가 [1738] 밀리초 내에 시작되었습니다.
19-Nov-2021 14:32:05.080 정보 [Thread-3] org.apache.coyote.AbstractProtocol.pause 프로토콜 핸들러 ["http-nio-8888"]을(를) 일시 정지 중
19-Nov-2021 14:32:08.661 정보 [main] org.apache.catalina.startup.VersionLoggerListener.log 서버 버전 이름:    Apache Tomcat/10.0.13
19-Nov-2021 14:32:08.667 정보 [main] org.apache.catalina.startup.VersionLoggerListener.log Server 빌드 시각:  Nov 9 2021 22:12:58 UTC
19-Nov-2021 14:32:08.667 정보 [main] org.apache.catalina.startup.VersionLoggerListener.log Server 버전 번호:  10.0.13.0
19-Nov-2021 14:32:08.667 정보 [main] org.apache.catalina.startup.VersionLoggerListener.log 운영체제 이름:     Windows 10
19-Nov-2021 14:32:08.667 정보 [main] org.apache.catalina.startup.VersionLoggerListener.log 운영체제 버전:     10.0
19-Nov-2021 14:32:08.668 정보 [main] org.apache.catalina.startup.VersionLoggerListener.log 아키텍처:          amd64
19-Nov-2021 14:32:08.668 정보 [main] org.apache.catalina.startup.VersionLoggerListener.log 자바 홈:           C:\Program Files\Java\jdk1.8.0_301\jre
19-Nov-2021 14:32:08.669 정보 [main] org.apache.catalina.startup.VersionLoggerListener.log JVM 버전:          1.8.0_301-b09
19-Nov-2021 14:32:08.669 정보 [main] org.apache.catalina.startup.VersionLoggerListener.log JVM 벤더:          Oracle Corporation
19-Nov-2021 14:32:08.669 정보 [main] org.apache.catalina.startup.VersionLoggerListener.log CATALINA_BASE:     E:\230\SW\apache-tomcat-10.0.13
19-Nov-2021 14:32:08.669 정보 [main] org.apache.catalina.startup.VersionLoggerListener.log CATALINA_HOME:     E:\230\SW\apache-tomcat-10.0.13
19-Nov-2021 14:32:08.672 정보 [main] org.apache.catalina.startup.VersionLoggerListener.log 명령 행 아규먼트:  -Djava.util.logging.config.file=E:\230\SW\apache-tomcat-10.0.13\conf\logging.properties
19-Nov-2021 14:32:08.673 정보 [main] org.apache.catalina.startup.VersionLoggerListener.log 명령 행 아규먼트:  -Djava.util.logging.manager=org.apache.juli.ClassLoaderLogManager
19-Nov-2021 14:32:08.674 정보 [main] org.apache.catalina.startup.VersionLoggerListener.log 명령 행 아규먼트:  -Djdk.tls.ephemeralDHKeySize=2048
19-Nov-2021 14:32:08.675 정보 [main] org.apache.catalina.startup.VersionLoggerListener.log 명령 행 아규먼트:  -Djava.protocol.handler.pkgs=org.apache.catalina.webresources
19-Nov-2021 14:32:08.676 정보 [main] org.apache.catalina.startup.VersionLoggerListener.log 명령 행 아규먼트:  -Dignore.endorsed.dirs=
19-Nov-2021 14:32:08.677 정보 [main] org.apache.catalina.startup.VersionLoggerListener.log 명령 행 아규먼트:  -Dcatalina.base=E:\230\SW\apache-tomcat-10.0.13
19-Nov-2021 14:32:08.683 정보 [main] org.apache.catalina.startup.VersionLoggerListener.log 명령 행 아규먼트:  -Dcatalina.home=E:\230\SW\apache-tomcat-10.0.13
19-Nov-2021 14:32:08.684 정보 [main] org.apache.catalina.startup.VersionLoggerListener.log 명령 행 아규먼트:  -Djava.io.tmpdir=E:\230\SW\apache-tomcat-10.0.13\temp
19-Nov-2021 14:32:08.694 정보 [main] org.apache.catalina.core.AprLifecycleListener.lifecycleEvent 프로덕션 환경들에서 최적의 성능을 제공하는, APR 기반 Apache Tomcat Native 라이브러리가, 다음 java.library.path에서 발견되지 않습니다: [C:\Program Files\Java\jdk1.8.0_301\bin;C:\WINDOWS\Sun\Java\bin;C:\WINDOWS\system32;C:\WINDOWS;C:\oraclexe\app\oracle\product\11.2.0\server\bin;;C:\Program Files\Java\jdk1.8.0_301\bin;C:\Program Files (x86)\Common Files\Oracle\Java\javapath;C:\WINDOWS\system32;C:\WINDOWS;C:\WINDOWS\System32\Wbem;C:\WINDOWS\System32\WindowsPowerShell\v1.0\;C:\WINDOWS\System32\OpenSSH\;C:\Program Files\Bandizip\;C:\Users\KOSTA\AppData\Local\Microsoft\WindowsApps;;C:\Users\KOSTA\AppData\Local\Programs\Microsoft VS Code\bin;.]
19-Nov-2021 14:32:09.219 정보 [main] org.apache.coyote.AbstractProtocol.init 프로토콜 핸들러 ["http-nio-8888"]을(를) 초기화합니다.
19-Nov-2021 14:32:09.277 정보 [main] org.apache.catalina.startup.Catalina.load [894] 밀리초 내에 서버가 초기화되었습니다.
19-Nov-2021 14:32:09.399 정보 [main] org.apache.catalina.core.StandardService.startInternal 서비스 [Catalina]을(를) 시작합니다.
19-Nov-2021 14:32:09.405 정보 [main] org.apache.catalina.core.StandardEngine.startInternal 서버 엔진을 시작합니다: [Apache Tomcat/10.0.13]
19-Nov-2021 14:32:09.426 정보 [main] org.apache.catalina.startup.HostConfig.deployDirectory 웹 애플리케이션 디렉토리 [E:\230\SW\apache-tomcat-10.0.13\webapps\ROOT]을(를) 배치합니다.
19-Nov-2021 14:32:09.983 경고 [main] org.apache.catalina.util.SessionIdGeneratorBase.createSecureRandom [SHA1PRNG] 알고리즘을 사용하여, 세션 ID를 생성하기 위한 SecureRandom 객체를 생성하는데, [206] 밀리초가 소요됐습니다.
19-Nov-2021 14:32:10.015 정보 [main] org.apache.catalina.startup.HostConfig.deployDirectory 웹 애플리케이션 디렉토리 [E:\230\SW\apache-tomcat-10.0.13\webapps\ROOT]에 대한 배치가 [589] 밀리초에 완료되었습니다.
19-Nov-2021 14:32:10.026 정보 [main] org.apache.catalina.startup.HostConfig.deployDirectory 웹 애플리케이션 디렉토리 [E:\230\SW\apache-tomcat-10.0.13\webapps\docs]을(를) 배치합니다.
19-Nov-2021 14:32:10.069 정보 [main] org.apache.catalina.startup.HostConfig.deployDirectory 웹 애플리케이션 디렉토리 [E:\230\SW\apache-tomcat-10.0.13\webapps\docs]에 대한 배치가 [43] 밀리초에 완료되었습니다.
19-Nov-2021 14:32:10.076 정보 [main] org.apache.catalina.startup.HostConfig.deployDirectory 웹 애플리케이션 디렉토리 [E:\230\SW\apache-tomcat-10.0.13\webapps\examples]을(를) 배치합니다.
19-Nov-2021 14:32:10.830 정보 [main] org.apache.catalina.startup.HostConfig.deployDirectory 웹 애플리케이션 디렉토리 [E:\230\SW\apache-tomcat-10.0.13\webapps\examples]에 대한 배치가 [755] 밀리초에 완료되었습니다.
19-Nov-2021 14:32:10.836 정보 [main] org.apache.catalina.startup.HostConfig.deployDirectory 웹 애플리케이션 디렉토리 [E:\230\SW\apache-tomcat-10.0.13\webapps\host-manager]을(를) 배치합니다.
19-Nov-2021 14:32:10.881 정보 [main] org.apache.catalina.startup.HostConfig.deployDirectory 웹 애플리케이션 디렉토리 [E:\230\SW\apache-tomcat-10.0.13\webapps\host-manager]에 대한 배치가 [45] 밀리초에 완료되었습니다.
19-Nov-2021 14:32:10.887 정보 [main] org.apache.catalina.startup.HostConfig.deployDirectory 웹 애플리케이션 디렉토리 [E:\230\SW\apache-tomcat-10.0.13\webapps\manager]을(를) 배치합니다.
19-Nov-2021 14:32:10.934 정보 [main] org.apache.catalina.startup.HostConfig.deployDirectory 웹 애플리케이션 디렉토리 [E:\230\SW\apache-tomcat-10.0.13\webapps\manager]에 대한 배치가 [47] 밀리초에 완료되었습니다.
19-Nov-2021 14:32:10.945 정보 [main] org.apache.coyote.AbstractProtocol.start 프로토콜 핸들러 ["http-nio-8888"]을(를) 시작합니다.
19-Nov-2021 14:32:10.968 정보 [main] org.apache.catalina.startup.Catalina.start 서버가 [1685] 밀리초 내에 시작되었습니다.
